<?xml version="1.0" encoding="UTF-8"?>
<testsuite name="com.sohan.book.springboot.domain.posts.web.HelloControllerTest" tests="2" skipped="0" failures="0" errors="0" timestamp="2021-01-29T05:02:54" hostname="COM202002191701" time="0.499">
  <properties/>
  <testcase name="hello가_리턴된다()" classname="com.sohan.book.springboot.domain.posts.web.HelloControllerTest" time="0.193"/>
  <testcase name="helloDto가_리턴된다()" classname="com.sohan.book.springboot.domain.posts.web.HelloControllerTest" time="0.301"/>
  <system-out><![CDATA[2021-01-29 14:02:51.673  INFO 14632 --- [    Test worker] .b.t.a.w.s.WebMvcTestContextBootstrapper : Neither @ContextConfiguration nor @ContextHierarchy found for test class [com.sohan.book.springboot.domain.posts.web.HelloControllerTest], using SpringBootContextLoader
2021-01-29 14:02:51.675  INFO 14632 --- [    Test worker] o.s.t.c.support.AbstractContextLoader    : Could not detect default resource locations for test class [com.sohan.book.springboot.domain.posts.web.HelloControllerTest]: no resource found for suffixes {-context.xml, Context.groovy}.
2021-01-29 14:02:51.675  INFO 14632 --- [    Test worker] t.c.s.AnnotationConfigContextLoaderUtils : Could not detect default configuration classes for test class [com.sohan.book.springboot.domain.posts.web.HelloControllerTest]: HelloControllerTest does not declare any static, non-private, non-final, nested classes annotated with @Configuration.
2021-01-29 14:02:51.780  INFO 14632 --- [    Test worker] .b.t.c.SpringBootTestContextBootstrapper : Found @SpringBootConfiguration com.sohan.book.springboot.Application for test class com.sohan.book.springboot.domain.posts.web.HelloControllerTest
2021-01-29 14:02:51.782  INFO 14632 --- [    Test worker] .b.t.a.w.s.WebMvcTestContextBootstrapper : Loaded default TestExecutionListener class names from location [META-INF/spring.factories]: [org.springframework.security.test.context.support.WithSecurityContextTestExecutionListener, org.springframework.security.test.context.support.ReactorContextTestExecutionListener, org.springframework.boot.test.autoconfigure.restdocs.RestDocsTestExecutionListener, org.springframework.boot.test.autoconfigure.web.client.MockRestServiceServerResetTestExecutionListener, org.springframework.boot.test.autoconfigure.web.servlet.MockMvcPrintOnlyOnFailureTestExecutionListener, org.springframework.boot.test.autoconfigure.web.servlet.WebDriverTestExecutionListener, org.springframework.boot.test.autoconfigure.webservices.client.MockWebServiceServerTestExecutionListener, org.springframework.boot.test.mock.mockito.MockitoTestExecutionListener, org.springframework.boot.test.mock.mockito.ResetMocksTestExecutionListener, org.springframework.test.context.web.ServletTestExecutionListener, org.springframework.test.context.support.DirtiesContextBeforeModesTestExecutionListener, org.springframework.test.context.support.DependencyInjectionTestExecutionListener, org.springframework.test.context.support.DirtiesContextTestExecutionListener, org.springframework.test.context.transaction.TransactionalTestExecutionListener, org.springframework.test.context.jdbc.SqlScriptsTestExecutionListener, org.springframework.test.context.event.EventPublishingTestExecutionListener]
2021-01-29 14:02:51.784  INFO 14632 --- [    Test worker] .b.t.a.w.s.WebMvcTestContextBootstrapper : Using TestExecutionListeners: [org.springframework.test.context.web.ServletTestExecutionListener@12dde98c, org.springframework.test.context.support.DirtiesContextBeforeModesTestExecutionListener@590a3138, org.springframework.boot.test.mock.mockito.MockitoTestExecutionListener@3118d812, org.springframework.boot.test.autoconfigure.SpringBootDependencyInjectionTestExecutionListener@485b0282, org.springframework.test.context.support.DirtiesContextTestExecutionListener@3537138c, org.springframework.test.context.transaction.TransactionalTestExecutionListener@3d3c77e3, org.springframework.test.context.jdbc.SqlScriptsTestExecutionListener@4a13e01e, org.springframework.security.test.context.support.WithSecurityContextTestExecutionListener@5acca4cc, org.springframework.test.context.event.EventPublishingTestExecutionListener@576a776a, org.springframework.security.test.context.support.ReactorContextTestExecutionListener@937910b, org.springframework.boot.test.autoconfigure.restdocs.RestDocsTestExecutionListener@5c718323, org.springframework.boot.test.autoconfigure.web.client.MockRestServiceServerResetTestExecutionListener@63a4b6a5, org.springframework.boot.test.autoconfigure.web.servlet.MockMvcPrintOnlyOnFailureTestExecutionListener@67715c9c, org.springframework.boot.test.autoconfigure.web.servlet.WebDriverTestExecutionListener@52fb36b0, org.springframework.boot.test.autoconfigure.webservices.client.MockWebServiceServerTestExecutionListener@2c3df57, org.springframework.boot.test.mock.mockito.ResetMocksTestExecutionListener@44144034]

  .   ____          _            __ _ _
 /\\ / ___'_ __ _ _(_)_ __  __ _ \ \ \ \
( ( )\___ | '_ | '_| | '_ \/ _` | \ \ \ \
 \\/  ___)| |_)| | | | | || (_| |  ) ) ) )
  '  |____| .__|_| |_|_| |_\__, | / / / /
 =========|_|==============|___/=/_/_/_/
 :: Spring Boot ::                (v2.4.1)

2021-01-29 14:02:51.924  INFO 14632 --- [    Test worker] c.s.b.s.d.posts.web.HelloControllerTest  : Starting HelloControllerTest using Java 1.8.0_275 on COM202002191701 with PID 14632 (started by User in C:\Users\User\IdeaProjects\freelec-springboot3-webservice2)
2021-01-29 14:02:51.927  INFO 14632 --- [    Test worker] c.s.b.s.d.posts.web.HelloControllerTest  : No active profile set, falling back to default profiles: default
2021-01-29 14:02:53.059  INFO 14632 --- [    Test worker] o.s.s.concurrent.ThreadPoolTaskExecutor  : Initializing ExecutorService 'applicationTaskExecutor'
2021-01-29 14:02:53.242  INFO 14632 --- [    Test worker] o.s.b.a.w.s.WelcomePageHandlerMapping    : Adding welcome page template: index
2021-01-29 14:02:54.332  INFO 14632 --- [    Test worker] o.s.s.web.DefaultSecurityFilterChain     : Will secure any request with [org.springframework.security.web.context.request.async.WebAsyncManagerIntegrationFilter@7e338a73, org.springframework.security.web.context.SecurityContextPersistenceFilter@31f9b8d7, org.springframework.security.web.header.HeaderWriterFilter@2c66264f, org.springframework.security.web.csrf.CsrfFilter@6aabd710, org.springframework.security.web.authentication.logout.LogoutFilter@4fccdc09, org.springframework.security.oauth2.client.web.OAuth2AuthorizationRequestRedirectFilter@76f27150, org.springframework.security.oauth2.client.web.OAuth2AuthorizationRequestRedirectFilter@11e4e4c6, org.springframework.security.oauth2.client.web.OAuth2LoginAuthenticationFilter@3f58b229, org.springframework.security.web.authentication.ui.DefaultLoginPageGeneratingFilter@34292dc2, org.springframework.security.web.authentication.ui.DefaultLogoutPageGeneratingFilter@223525c8, org.springframework.security.web.savedrequest.RequestCacheAwareFilter@3da8d6c4, org.springframework.security.web.servletapi.SecurityContextHolderAwareRequestFilter@2061cb60, org.springframework.security.web.authentication.AnonymousAuthenticationFilter@c120e6b, org.springframework.security.oauth2.client.web.OAuth2AuthorizationCodeGrantFilter@77fb2e53, org.springframework.security.web.session.SessionManagementFilter@18c17784, org.springframework.security.web.access.ExceptionTranslationFilter@7317d99, org.springframework.security.web.access.intercept.FilterSecurityInterceptor@2ec315b]
2021-01-29 14:02:54.565  INFO 14632 --- [    Test worker] o.s.b.t.m.w.SpringBootMockServletContext : Initializing Spring TestDispatcherServlet ''
2021-01-29 14:02:54.566  INFO 14632 --- [    Test worker] o.s.t.web.servlet.TestDispatcherServlet  : Initializing Servlet ''
2021-01-29 14:02:54.567  INFO 14632 --- [    Test worker] o.s.t.web.servlet.TestDispatcherServlet  : Completed initialization in 1 ms
2021-01-29 14:02:54.622  INFO 14632 --- [    Test worker] c.s.b.s.d.posts.web.HelloControllerTest  : Started HelloControllerTest in 2.833 seconds (JVM running for 22.775)
]]></system-out>
  <system-err><![CDATA[]]></system-err>
</testsuite>
