<?xml version="1.0" encoding="UTF-8"?>
<testsuite name="com.sohan.book.springboot.domain.posts.web.PostsApiControllerTest" tests="2" skipped="0" failures="0" errors="0" timestamp="2021-01-20T02:23:45" hostname="COM202002191701" time="0.366">
  <properties/>
  <testcase name="Posts_등록된다()" classname="com.sohan.book.springboot.domain.posts.web.PostsApiControllerTest" time="0.285"/>
  <testcase name="Posts_수정된다()" classname="com.sohan.book.springboot.domain.posts.web.PostsApiControllerTest" time="0.077"/>
  <system-out><![CDATA[2021-01-20 11:23:45.556  INFO 19876 --- [    Test worker] .b.t.c.SpringBootTestContextBootstrapper : Neither @ContextConfiguration nor @ContextHierarchy found for test class [com.sohan.book.springboot.domain.posts.web.PostsApiControllerTest], using SpringBootContextLoader
2021-01-20 11:23:45.558  INFO 19876 --- [    Test worker] o.s.t.c.support.AbstractContextLoader    : Could not detect default resource locations for test class [com.sohan.book.springboot.domain.posts.web.PostsApiControllerTest]: no resource found for suffixes {-context.xml, Context.groovy}.
2021-01-20 11:23:45.559  INFO 19876 --- [    Test worker] t.c.s.AnnotationConfigContextLoaderUtils : Could not detect default configuration classes for test class [com.sohan.book.springboot.domain.posts.web.PostsApiControllerTest]: PostsApiControllerTest does not declare any static, non-private, non-final, nested classes annotated with @Configuration.
2021-01-20 11:23:45.596  INFO 19876 --- [    Test worker] .b.t.c.SpringBootTestContextBootstrapper : Found @SpringBootConfiguration com.sohan.book.springboot.Application for test class com.sohan.book.springboot.domain.posts.web.PostsApiControllerTest
2021-01-20 11:23:45.600  INFO 19876 --- [    Test worker] .b.t.c.SpringBootTestContextBootstrapper : Loaded default TestExecutionListener class names from location [META-INF/spring.factories]: [org.springframework.security.test.context.support.WithSecurityContextTestExecutionListener, org.springframework.security.test.context.support.ReactorContextTestExecutionListener, org.springframework.boot.test.autoconfigure.restdocs.RestDocsTestExecutionListener, org.springframework.boot.test.autoconfigure.web.client.MockRestServiceServerResetTestExecutionListener, org.springframework.boot.test.autoconfigure.web.servlet.MockMvcPrintOnlyOnFailureTestExecutionListener, org.springframework.boot.test.autoconfigure.web.servlet.WebDriverTestExecutionListener, org.springframework.boot.test.autoconfigure.webservices.client.MockWebServiceServerTestExecutionListener, org.springframework.boot.test.mock.mockito.MockitoTestExecutionListener, org.springframework.boot.test.mock.mockito.ResetMocksTestExecutionListener, org.springframework.test.context.web.ServletTestExecutionListener, org.springframework.test.context.support.DirtiesContextBeforeModesTestExecutionListener, org.springframework.test.context.support.DependencyInjectionTestExecutionListener, org.springframework.test.context.support.DirtiesContextTestExecutionListener, org.springframework.test.context.transaction.TransactionalTestExecutionListener, org.springframework.test.context.jdbc.SqlScriptsTestExecutionListener, org.springframework.test.context.event.EventPublishingTestExecutionListener]
2021-01-20 11:23:45.603  INFO 19876 --- [    Test worker] .b.t.c.SpringBootTestContextBootstrapper : Using TestExecutionListeners: [org.springframework.test.context.web.ServletTestExecutionListener@31673b0d, org.springframework.test.context.support.DirtiesContextBeforeModesTestExecutionListener@3df1c344, org.springframework.boot.test.mock.mockito.MockitoTestExecutionListener@485c2ec8, org.springframework.boot.test.autoconfigure.SpringBootDependencyInjectionTestExecutionListener@3056bbd0, org.springframework.test.context.support.DirtiesContextTestExecutionListener@38e15184, org.springframework.test.context.transaction.TransactionalTestExecutionListener@bb95e3f, org.springframework.test.context.jdbc.SqlScriptsTestExecutionListener@22ba0bee, org.springframework.security.test.context.support.WithSecurityContextTestExecutionListener@27b7ac52, org.springframework.test.context.event.EventPublishingTestExecutionListener@15e8b451, org.springframework.security.test.context.support.ReactorContextTestExecutionListener@54e15875, org.springframework.boot.test.autoconfigure.restdocs.RestDocsTestExecutionListener@2676cc7c, org.springframework.boot.test.autoconfigure.web.client.MockRestServiceServerResetTestExecutionListener@3c3921dc, org.springframework.boot.test.autoconfigure.web.servlet.MockMvcPrintOnlyOnFailureTestExecutionListener@6c234036, org.springframework.boot.test.autoconfigure.web.servlet.WebDriverTestExecutionListener@325f8f37, org.springframework.boot.test.autoconfigure.webservices.client.MockWebServiceServerTestExecutionListener@22daa02c, org.springframework.boot.test.mock.mockito.ResetMocksTestExecutionListener@5798526a]
2021-01-20 11:23:45.656  INFO 19876 --- [    Test worker] o.a.c.c.C.[Tomcat].[localhost].[/]       : Initializing Spring TestDispatcherServlet ''
2021-01-20 11:23:45.657  INFO 19876 --- [    Test worker] o.s.t.web.servlet.TestDispatcherServlet  : Initializing Servlet ''
2021-01-20 11:23:45.658  INFO 19876 --- [    Test worker] o.s.t.web.servlet.TestDispatcherServlet  : Completed initialization in 1 ms
Hibernate: insert into posts (created_date, modified_date, author, content, title) values (?, ?, ?, ?, ?)
Hibernate: select posts0_.id as id1_0_, posts0_.created_date as created_2_0_, posts0_.modified_date as modified3_0_, posts0_.author as author4_0_, posts0_.content as content5_0_, posts0_.title as title6_0_ from posts posts0_
Hibernate: select posts0_.id as id1_0_, posts0_.created_date as created_2_0_, posts0_.modified_date as modified3_0_, posts0_.author as author4_0_, posts0_.content as content5_0_, posts0_.title as title6_0_ from posts posts0_
Hibernate: delete from posts where id=?
2021-01-20 11:23:45.932  INFO 19876 --- [    Test worker] o.a.c.c.C.[Tomcat].[localhost].[/]       : Initializing Spring TestDispatcherServlet ''
2021-01-20 11:23:45.932  INFO 19876 --- [    Test worker] o.s.t.web.servlet.TestDispatcherServlet  : Initializing Servlet ''
2021-01-20 11:23:45.933  INFO 19876 --- [    Test worker] o.s.t.web.servlet.TestDispatcherServlet  : Completed initialization in 1 ms
Hibernate: insert into posts (created_date, modified_date, author, content, title) values (?, ?, ?, ?, ?)
Hibernate: select posts0_.id as id1_0_0_, posts0_.created_date as created_2_0_0_, posts0_.modified_date as modified3_0_0_, posts0_.author as author4_0_0_, posts0_.content as content5_0_0_, posts0_.title as title6_0_0_ from posts posts0_ where posts0_.id=?
Hibernate: update posts set created_date=?, modified_date=?, author=?, content=?, title=? where id=?
Hibernate: select posts0_.id as id1_0_, posts0_.created_date as created_2_0_, posts0_.modified_date as modified3_0_, posts0_.author as author4_0_, posts0_.content as content5_0_, posts0_.title as title6_0_ from posts posts0_
Hibernate: select posts0_.id as id1_0_, posts0_.created_date as created_2_0_, posts0_.modified_date as modified3_0_, posts0_.author as author4_0_, posts0_.content as content5_0_, posts0_.title as title6_0_ from posts posts0_
Hibernate: delete from posts where id=?
]]></system-out>
  <system-err><![CDATA[]]></system-err>
</testsuite>
