<?xml version="1.0" encoding="UTF-8"?>
<testsuite name="com.sohan.book.springboot.domain.posts.web.IndexControllerTest" tests="1" skipped="0" failures="0" errors="0" timestamp="2021-01-05T08:43:04" hostname="COM202002191701" time="0.42">
  <properties/>
  <testcase name="메인페이지_로딩()" classname="com.sohan.book.springboot.domain.posts.web.IndexControllerTest" time="0.42"/>
  <system-out><![CDATA[2021-01-05 17:42:58.422  INFO 9784 --- [    Test worker] .b.t.c.SpringBootTestContextBootstrapper : Neither @ContextConfiguration nor @ContextHierarchy found for test class [com.sohan.book.springboot.domain.posts.web.IndexControllerTest], using SpringBootContextLoader
2021-01-05 17:42:58.427  INFO 9784 --- [    Test worker] o.s.t.c.support.AbstractContextLoader    : Could not detect default resource locations for test class [com.sohan.book.springboot.domain.posts.web.IndexControllerTest]: no resource found for suffixes {-context.xml, Context.groovy}.
2021-01-05 17:42:58.428  INFO 9784 --- [    Test worker] t.c.s.AnnotationConfigContextLoaderUtils : Could not detect default configuration classes for test class [com.sohan.book.springboot.domain.posts.web.IndexControllerTest]: IndexControllerTest does not declare any static, non-private, non-final, nested classes annotated with @Configuration.
2021-01-05 17:42:58.432  INFO 9784 --- [    Test worker] .b.t.c.SpringBootTestContextBootstrapper : Found @SpringBootConfiguration com.sohan.book.springboot.Application for test class com.sohan.book.springboot.domain.posts.web.IndexControllerTest
2021-01-05 17:42:58.437  INFO 9784 --- [    Test worker] .b.t.c.SpringBootTestContextBootstrapper : Loaded default TestExecutionListener class names from location [META-INF/spring.factories]: [org.springframework.security.test.context.support.WithSecurityContextTestExecutionListener, org.springframework.security.test.context.support.ReactorContextTestExecutionListener, org.springframework.boot.test.autoconfigure.restdocs.RestDocsTestExecutionListener, org.springframework.boot.test.autoconfigure.web.client.MockRestServiceServerResetTestExecutionListener, org.springframework.boot.test.autoconfigure.web.servlet.MockMvcPrintOnlyOnFailureTestExecutionListener, org.springframework.boot.test.autoconfigure.web.servlet.WebDriverTestExecutionListener, org.springframework.boot.test.autoconfigure.webservices.client.MockWebServiceServerTestExecutionListener, org.springframework.boot.test.mock.mockito.MockitoTestExecutionListener, org.springframework.boot.test.mock.mockito.ResetMocksTestExecutionListener, org.springframework.test.context.web.ServletTestExecutionListener, org.springframework.test.context.support.DirtiesContextBeforeModesTestExecutionListener, org.springframework.test.context.support.DependencyInjectionTestExecutionListener, org.springframework.test.context.support.DirtiesContextTestExecutionListener, org.springframework.test.context.transaction.TransactionalTestExecutionListener, org.springframework.test.context.jdbc.SqlScriptsTestExecutionListener, org.springframework.test.context.event.EventPublishingTestExecutionListener]
2021-01-05 17:42:58.440  INFO 9784 --- [    Test worker] .b.t.c.SpringBootTestContextBootstrapper : Using TestExecutionListeners: [org.springframework.test.context.web.ServletTestExecutionListener@3d0ec5ad, org.springframework.test.context.support.DirtiesContextBeforeModesTestExecutionListener@6f981c1, org.springframework.boot.test.mock.mockito.MockitoTestExecutionListener@472fa314, org.springframework.boot.test.autoconfigure.SpringBootDependencyInjectionTestExecutionListener@16c8bd27, org.springframework.test.context.support.DirtiesContextTestExecutionListener@5da021fe, org.springframework.test.context.transaction.TransactionalTestExecutionListener@179d4402, org.springframework.test.context.jdbc.SqlScriptsTestExecutionListener@2d9072e6, org.springframework.security.test.context.support.WithSecurityContextTestExecutionListener@7e62d3f6, org.springframework.test.context.event.EventPublishingTestExecutionListener@2211b215, org.springframework.security.test.context.support.ReactorContextTestExecutionListener@5f515f01, org.springframework.boot.test.autoconfigure.restdocs.RestDocsTestExecutionListener@71f8014f, org.springframework.boot.test.autoconfigure.web.client.MockRestServiceServerResetTestExecutionListener@19ed91e5, org.springframework.boot.test.autoconfigure.web.servlet.MockMvcPrintOnlyOnFailureTestExecutionListener@36c319d7, org.springframework.boot.test.autoconfigure.web.servlet.WebDriverTestExecutionListener@633fe159, org.springframework.boot.test.autoconfigure.webservices.client.MockWebServiceServerTestExecutionListener@527c6608, org.springframework.boot.test.mock.mockito.ResetMocksTestExecutionListener@27eba71b]

  .   ____          _            __ _ _
 /\\ / ___'_ __ _ _(_)_ __  __ _ \ \ \ \
( ( )\___ | '_ | '_| | '_ \/ _` | \ \ \ \
 \\/  ___)| |_)| | | | | || (_| |  ) ) ) )
  '  |____| .__|_| |_|_| |_\__, | / / / /
 =========|_|==============|___/=/_/_/_/
 :: Spring Boot ::                (v2.4.1)

2021-01-05 17:42:58.551  INFO 9784 --- [    Test worker] c.s.b.s.d.posts.web.IndexControllerTest  : Starting IndexControllerTest using Java 1.8.0_275 on COM202002191701 with PID 9784 (started by User in C:\Users\User\IdeaProjects\freelec-springboot3-webservice2)
2021-01-05 17:42:58.554  INFO 9784 --- [    Test worker] c.s.b.s.d.posts.web.IndexControllerTest  : No active profile set, falling back to default profiles: default
2021-01-05 17:42:59.272  INFO 9784 --- [    Test worker] .s.d.r.c.RepositoryConfigurationDelegate : Bootstrapping Spring Data JPA repositories in DEFAULT mode.
2021-01-05 17:42:59.420  INFO 9784 --- [    Test worker] .s.d.r.c.RepositoryConfigurationDelegate : Finished Spring Data repository scanning in 143 ms. Found 2 JPA repository interfaces.
2021-01-05 17:43:00.455  INFO 9784 --- [    Test worker] o.s.b.w.embedded.tomcat.TomcatWebServer  : Tomcat initialized with port(s): 0 (http)
2021-01-05 17:43:00.494  INFO 9784 --- [    Test worker] o.apache.catalina.core.StandardService   : Starting service [Tomcat]
2021-01-05 17:43:00.495  INFO 9784 --- [    Test worker] org.apache.catalina.core.StandardEngine  : Starting Servlet engine: [Apache Tomcat/9.0.41]
2021-01-05 17:43:00.929  INFO 9784 --- [    Test worker] o.a.c.c.C.[Tomcat].[localhost].[/]       : Initializing Spring embedded WebApplicationContext
2021-01-05 17:43:00.929  INFO 9784 --- [    Test worker] w.s.c.ServletWebServerApplicationContext : Root WebApplicationContext: initialization completed in 2366 ms
2021-01-05 17:43:01.041  INFO 9784 --- [    Test worker] com.zaxxer.hikari.HikariDataSource       : HikariPool-2 - Starting...
2021-01-05 17:43:01.043  INFO 9784 --- [    Test worker] com.zaxxer.hikari.HikariDataSource       : HikariPool-2 - Start completed.
2021-01-05 17:43:01.043  INFO 9784 --- [    Test worker] o.s.b.a.h2.H2ConsoleAutoConfiguration    : H2 console available at '/h2-console'. Database available at 'jdbc:h2:mem:testdb'
2021-01-05 17:43:01.459  INFO 9784 --- [    Test worker] o.hibernate.jpa.internal.util.LogHelper  : HHH000204: Processing PersistenceUnitInfo [name: default]
2021-01-05 17:43:01.480  INFO 9784 --- [    Test worker] org.hibernate.dialect.Dialect            : HHH000400: Using dialect: org.hibernate.dialect.MySQL57Dialect
Hibernate: drop table if exists posts
Hibernate: drop table if exists user
Hibernate: create table posts (id bigint not null auto_increment, created_date datetime(6), modified_date datetime(6), author varchar(255), content TEXT not null, title varchar(500) not null, primary key (id)) engine=InnoDB
Hibernate: create table user (id bigint not null auto_increment, created_date datetime(6), modified_date datetime(6), email varchar(255) not null, name varchar(255) not null, picture varchar(255), role varchar(255) not null, primary key (id)) engine=InnoDB
2021-01-05 17:43:01.610  INFO 9784 --- [    Test worker] o.h.e.t.j.p.i.JtaPlatformInitiator       : HHH000490: Using JtaPlatform implementation: [org.hibernate.engine.transaction.jta.platform.internal.NoJtaPlatform]
2021-01-05 17:43:01.610  INFO 9784 --- [    Test worker] j.LocalContainerEntityManagerFactoryBean : Initialized JPA EntityManagerFactory for persistence unit 'default'
2021-01-05 17:43:02.469  WARN 9784 --- [    Test worker] JpaBaseConfiguration$JpaWebConfiguration : spring.jpa.open-in-view is enabled by default. Therefore, database queries may be performed during view rendering. Explicitly configure spring.jpa.open-in-view to disable this warning
2021-01-05 17:43:02.981  INFO 9784 --- [    Test worker] o.s.s.web.DefaultSecurityFilterChain     : Will secure any request with [org.springframework.security.web.context.request.async.WebAsyncManagerIntegrationFilter@67f55d8, org.springframework.security.web.context.SecurityContextPersistenceFilter@7b59f488, org.springframework.security.web.header.HeaderWriterFilter@173afc76, org.springframework.security.web.authentication.logout.LogoutFilter@7ce7b71e, org.springframework.security.oauth2.client.web.OAuth2AuthorizationRequestRedirectFilter@29f5bb37, org.springframework.security.oauth2.client.web.OAuth2LoginAuthenticationFilter@57baab4b, org.springframework.security.web.authentication.ui.DefaultLoginPageGeneratingFilter@1cbd6929, org.springframework.security.web.authentication.ui.DefaultLogoutPageGeneratingFilter@3051c034, org.springframework.security.web.savedrequest.RequestCacheAwareFilter@7bf5f644, org.springframework.security.web.servletapi.SecurityContextHolderAwareRequestFilter@3b6c6c00, org.springframework.security.web.authentication.AnonymousAuthenticationFilter@3479e90a, org.springframework.security.web.session.SessionManagementFilter@3c5374b0, org.springframework.security.web.access.ExceptionTranslationFilter@4208196, org.springframework.security.web.access.intercept.FilterSecurityInterceptor@19f5fdae]
2021-01-05 17:43:03.355  INFO 9784 --- [    Test worker] o.s.s.concurrent.ThreadPoolTaskExecutor  : Initializing ExecutorService 'applicationTaskExecutor'
2021-01-05 17:43:03.439  INFO 9784 --- [    Test worker] o.s.b.a.w.s.WelcomePageHandlerMapping    : Adding welcome page template: index
2021-01-05 17:43:04.065  INFO 9784 --- [    Test worker] o.s.b.w.embedded.tomcat.TomcatWebServer  : Tomcat started on port(s): 55259 (http) with context path ''
2021-01-05 17:43:04.085  INFO 9784 --- [    Test worker] s.a.ScheduledAnnotationBeanPostProcessor : No TaskScheduler/ScheduledExecutorService bean found for scheduled processing
2021-01-05 17:43:04.088  INFO 9784 --- [    Test worker] c.s.b.s.d.posts.web.IndexControllerTest  : Started IndexControllerTest in 5.642 seconds (JVM running for 29.891)
2021-01-05 17:43:04.354  INFO 9784 --- [-auto-1-exec-10] o.a.c.c.C.[Tomcat].[localhost].[/]       : Initializing Spring DispatcherServlet 'dispatcherServlet'
2021-01-05 17:43:04.354  INFO 9784 --- [-auto-1-exec-10] o.s.web.servlet.DispatcherServlet        : Initializing Servlet 'dispatcherServlet'
2021-01-05 17:43:04.356  INFO 9784 --- [-auto-1-exec-10] o.s.web.servlet.DispatcherServlet        : Completed initialization in 2 ms
Hibernate: select posts0_.id as id1_0_, posts0_.created_date as created_2_0_, posts0_.modified_date as modified3_0_, posts0_.author as author4_0_, posts0_.content as content5_0_, posts0_.title as title6_0_ from posts posts0_ order by posts0_.id DESC
]]></system-out>
  <system-err><![CDATA[]]></system-err>
</testsuite>
