<?xml version="1.0" encoding="UTF-8"?>
<testsuite name="com.sohan.book.springboot.domain.posts.web.HelloControllerTest" tests="2" skipped="0" failures="0" errors="0" timestamp="2021-01-05T08:42:57" hostname="COM202002191701" time="0.889">
  <properties/>
  <testcase name="hello가_리턴된다()" classname="com.sohan.book.springboot.domain.posts.web.HelloControllerTest" time="0.42"/>
  <testcase name="helloDto가_리턴된다()" classname="com.sohan.book.springboot.domain.posts.web.HelloControllerTest" time="0.46"/>
  <system-out><![CDATA[2021-01-05 17:42:54.572  INFO 9784 --- [    Test worker] .b.t.a.w.s.WebMvcTestContextBootstrapper : Neither @ContextConfiguration nor @ContextHierarchy found for test class [com.sohan.book.springboot.domain.posts.web.HelloControllerTest], using SpringBootContextLoader
2021-01-05 17:42:54.575  INFO 9784 --- [    Test worker] o.s.t.c.support.AbstractContextLoader    : Could not detect default resource locations for test class [com.sohan.book.springboot.domain.posts.web.HelloControllerTest]: no resource found for suffixes {-context.xml, Context.groovy}.
2021-01-05 17:42:54.578  INFO 9784 --- [    Test worker] t.c.s.AnnotationConfigContextLoaderUtils : Could not detect default configuration classes for test class [com.sohan.book.springboot.domain.posts.web.HelloControllerTest]: HelloControllerTest does not declare any static, non-private, non-final, nested classes annotated with @Configuration.
2021-01-05 17:42:54.644  INFO 9784 --- [    Test worker] .b.t.c.SpringBootTestContextBootstrapper : Found @SpringBootConfiguration com.sohan.book.springboot.Application for test class com.sohan.book.springboot.domain.posts.web.HelloControllerTest
2021-01-05 17:42:54.649  INFO 9784 --- [    Test worker] .b.t.a.w.s.WebMvcTestContextBootstrapper : Loaded default TestExecutionListener class names from location [META-INF/spring.factories]: [org.springframework.security.test.context.support.WithSecurityContextTestExecutionListener, org.springframework.security.test.context.support.ReactorContextTestExecutionListener, org.springframework.boot.test.autoconfigure.restdocs.RestDocsTestExecutionListener, org.springframework.boot.test.autoconfigure.web.client.MockRestServiceServerResetTestExecutionListener, org.springframework.boot.test.autoconfigure.web.servlet.MockMvcPrintOnlyOnFailureTestExecutionListener, org.springframework.boot.test.autoconfigure.web.servlet.WebDriverTestExecutionListener, org.springframework.boot.test.autoconfigure.webservices.client.MockWebServiceServerTestExecutionListener, org.springframework.boot.test.mock.mockito.MockitoTestExecutionListener, org.springframework.boot.test.mock.mockito.ResetMocksTestExecutionListener, org.springframework.test.context.web.ServletTestExecutionListener, org.springframework.test.context.support.DirtiesContextBeforeModesTestExecutionListener, org.springframework.test.context.support.DependencyInjectionTestExecutionListener, org.springframework.test.context.support.DirtiesContextTestExecutionListener, org.springframework.test.context.transaction.TransactionalTestExecutionListener, org.springframework.test.context.jdbc.SqlScriptsTestExecutionListener, org.springframework.test.context.event.EventPublishingTestExecutionListener]
2021-01-05 17:42:54.652  INFO 9784 --- [    Test worker] .b.t.a.w.s.WebMvcTestContextBootstrapper : Using TestExecutionListeners: [org.springframework.test.context.web.ServletTestExecutionListener@521cfe61, org.springframework.test.context.support.DirtiesContextBeforeModesTestExecutionListener@2f851a4, org.springframework.boot.test.mock.mockito.MockitoTestExecutionListener@617c1aac, org.springframework.boot.test.autoconfigure.SpringBootDependencyInjectionTestExecutionListener@28c71b60, org.springframework.test.context.support.DirtiesContextTestExecutionListener@1d9d07ef, org.springframework.test.context.transaction.TransactionalTestExecutionListener@5da81089, org.springframework.test.context.jdbc.SqlScriptsTestExecutionListener@5c80d8ea, org.springframework.security.test.context.support.WithSecurityContextTestExecutionListener@4c8cd401, org.springframework.test.context.event.EventPublishingTestExecutionListener@395b0000, org.springframework.security.test.context.support.ReactorContextTestExecutionListener@24ea73fa, org.springframework.boot.test.autoconfigure.restdocs.RestDocsTestExecutionListener@7ef7a805, org.springframework.boot.test.autoconfigure.web.client.MockRestServiceServerResetTestExecutionListener@54f14706, org.springframework.boot.test.autoconfigure.web.servlet.MockMvcPrintOnlyOnFailureTestExecutionListener@354b0698, org.springframework.boot.test.autoconfigure.web.servlet.WebDriverTestExecutionListener@42c9d668, org.springframework.boot.test.autoconfigure.webservices.client.MockWebServiceServerTestExecutionListener@13df9b4, org.springframework.boot.test.mock.mockito.ResetMocksTestExecutionListener@5faa57e2]

  .   ____          _            __ _ _
 /\\ / ___'_ __ _ _(_)_ __  __ _ \ \ \ \
( ( )\___ | '_ | '_| | '_ \/ _` | \ \ \ \
 \\/  ___)| |_)| | | | | || (_| |  ) ) ) )
  '  |____| .__|_| |_|_| |_\__, | / / / /
 =========|_|==============|___/=/_/_/_/
 :: Spring Boot ::                (v2.4.1)

2021-01-05 17:42:54.798  INFO 9784 --- [    Test worker] c.s.b.s.d.posts.web.HelloControllerTest  : Starting HelloControllerTest using Java 1.8.0_275 on COM202002191701 with PID 9784 (started by User in C:\Users\User\IdeaProjects\freelec-springboot3-webservice2)
2021-01-05 17:42:54.803  INFO 9784 --- [    Test worker] c.s.b.s.d.posts.web.HelloControllerTest  : No active profile set, falling back to default profiles: default
2021-01-05 17:42:55.897  INFO 9784 --- [    Test worker] o.s.s.concurrent.ThreadPoolTaskExecutor  : Initializing ExecutorService 'applicationTaskExecutor'
2021-01-05 17:42:56.022  INFO 9784 --- [    Test worker] o.s.b.a.w.s.WelcomePageHandlerMapping    : Adding welcome page template: index
2021-01-05 17:42:56.919  INFO 9784 --- [    Test worker] o.s.s.web.DefaultSecurityFilterChain     : Will secure any request with [org.springframework.security.web.context.request.async.WebAsyncManagerIntegrationFilter@ecdd32e, org.springframework.security.web.context.SecurityContextPersistenceFilter@68ab22f0, org.springframework.security.web.header.HeaderWriterFilter@575f419b, org.springframework.security.web.csrf.CsrfFilter@67c57b55, org.springframework.security.web.authentication.logout.LogoutFilter@2126d918, org.springframework.security.oauth2.client.web.OAuth2AuthorizationRequestRedirectFilter@58e77b84, org.springframework.security.oauth2.client.web.OAuth2AuthorizationRequestRedirectFilter@25e1ae1c, org.springframework.security.oauth2.client.web.OAuth2LoginAuthenticationFilter@1a147442, org.springframework.security.web.authentication.ui.DefaultLoginPageGeneratingFilter@2bc43319, org.springframework.security.web.authentication.ui.DefaultLogoutPageGeneratingFilter@41b00099, org.springframework.security.web.savedrequest.RequestCacheAwareFilter@42191e23, org.springframework.security.web.servletapi.SecurityContextHolderAwareRequestFilter@6fe7cc62, org.springframework.security.web.authentication.AnonymousAuthenticationFilter@59b7e668, org.springframework.security.oauth2.client.web.OAuth2AuthorizationCodeGrantFilter@2e96d126, org.springframework.security.web.session.SessionManagementFilter@1b0c87f6, org.springframework.security.web.access.ExceptionTranslationFilter@109751ef, org.springframework.security.web.access.intercept.FilterSecurityInterceptor@29718fe3]
2021-01-05 17:42:57.376  INFO 9784 --- [    Test worker] o.s.b.t.m.w.SpringBootMockServletContext : Initializing Spring TestDispatcherServlet ''
2021-01-05 17:42:57.376  INFO 9784 --- [    Test worker] o.s.t.web.servlet.TestDispatcherServlet  : Initializing Servlet ''
2021-01-05 17:42:57.378  INFO 9784 --- [    Test worker] o.s.t.web.servlet.TestDispatcherServlet  : Completed initialization in 1 ms
2021-01-05 17:42:57.507  INFO 9784 --- [    Test worker] c.s.b.s.d.posts.web.HelloControllerTest  : Started HelloControllerTest in 2.843 seconds (JVM running for 23.31)
]]></system-out>
  <system-err><![CDATA[]]></system-err>
</testsuite>
