<?xml version="1.0" encoding="UTF-8"?>
<testsuite name="com.sohan.book.springboot.domain.posts.web.IndexControllerTest" tests="1" skipped="0" failures="0" errors="0" timestamp="2020-12-23T09:14:11" hostname="COM202002191701" time="0.807">
  <properties/>
  <testcase name="메인페이지_로딩()" classname="com.sohan.book.springboot.domain.posts.web.IndexControllerTest" time="0.807"/>
  <system-out><![CDATA[18:13:59.838 [Test worker] DEBUG org.springframework.test.context.BootstrapUtils - Instantiating CacheAwareContextLoaderDelegate from class [org.springframework.test.context.cache.DefaultCacheAwareContextLoaderDelegate]
18:13:59.861 [Test worker] DEBUG org.springframework.test.context.BootstrapUtils - Instantiating BootstrapContext using constructor [public org.springframework.test.context.support.DefaultBootstrapContext(java.lang.Class,org.springframework.test.context.CacheAwareContextLoaderDelegate)]
18:13:59.934 [Test worker] DEBUG org.springframework.test.context.BootstrapUtils - Instantiating TestContextBootstrapper for test class [com.sohan.book.springboot.domain.posts.web.IndexControllerTest] from class [org.springframework.boot.test.context.SpringBootTestContextBootstrapper]
18:13:59.961 [Test worker] INFO org.springframework.boot.test.context.SpringBootTestContextBootstrapper - Neither @ContextConfiguration nor @ContextHierarchy found for test class [com.sohan.book.springboot.domain.posts.web.IndexControllerTest], using SpringBootContextLoader
18:13:59.967 [Test worker] DEBUG org.springframework.test.context.support.AbstractContextLoader - Did not detect default resource location for test class [com.sohan.book.springboot.domain.posts.web.IndexControllerTest]: class path resource [com/sohan/book/springboot/domain/posts/web/IndexControllerTest-context.xml] does not exist
18:13:59.968 [Test worker] DEBUG org.springframework.test.context.support.AbstractContextLoader - Did not detect default resource location for test class [com.sohan.book.springboot.domain.posts.web.IndexControllerTest]: class path resource [com/sohan/book/springboot/domain/posts/web/IndexControllerTestContext.groovy] does not exist
18:13:59.969 [Test worker] INFO org.springframework.test.context.support.AbstractContextLoader - Could not detect default resource locations for test class [com.sohan.book.springboot.domain.posts.web.IndexControllerTest]: no resource found for suffixes {-context.xml, Context.groovy}.
18:13:59.971 [Test worker] INFO org.springframework.test.context.support.AnnotationConfigContextLoaderUtils - Could not detect default configuration classes for test class [com.sohan.book.springboot.domain.posts.web.IndexControllerTest]: IndexControllerTest does not declare any static, non-private, non-final, nested classes annotated with @Configuration.
18:14:00.067 [Test worker] DEBUG org.springframework.test.context.support.ActiveProfilesUtils - Could not find an 'annotation declaring class' for annotation type [org.springframework.test.context.ActiveProfiles] and class [com.sohan.book.springboot.domain.posts.web.IndexControllerTest]
18:14:00.296 [Test worker] DEBUG org.springframework.context.annotation.ClassPathScanningCandidateComponentProvider - Identified candidate component class: file [C:\Users\User\IdeaProjects\freelec-springboot3-webservice2\build\classes\java\main\com\sohan\book\springboot\Application.class]
18:14:00.300 [Test worker] INFO org.springframework.boot.test.context.SpringBootTestContextBootstrapper - Found @SpringBootConfiguration com.sohan.book.springboot.Application for test class com.sohan.book.springboot.domain.posts.web.IndexControllerTest
18:14:00.542 [Test worker] DEBUG org.springframework.boot.test.context.SpringBootTestContextBootstrapper - @TestExecutionListeners is not present for class [com.sohan.book.springboot.domain.posts.web.IndexControllerTest]: using defaults.
18:14:00.543 [Test worker] INFO org.springframework.boot.test.context.SpringBootTestContextBootstrapper - Loaded default TestExecutionListener class names from location [META-INF/spring.factories]: [org.springframework.boot.test.autoconfigure.restdocs.RestDocsTestExecutionListener, org.springframework.boot.test.autoconfigure.web.client.MockRestServiceServerResetTestExecutionListener, org.springframework.boot.test.autoconfigure.web.servlet.MockMvcPrintOnlyOnFailureTestExecutionListener, org.springframework.boot.test.autoconfigure.web.servlet.WebDriverTestExecutionListener, org.springframework.boot.test.autoconfigure.webservices.client.MockWebServiceServerTestExecutionListener, org.springframework.boot.test.mock.mockito.MockitoTestExecutionListener, org.springframework.boot.test.mock.mockito.ResetMocksTestExecutionListener, org.springframework.test.context.web.ServletTestExecutionListener, org.springframework.test.context.support.DirtiesContextBeforeModesTestExecutionListener, org.springframework.test.context.support.DependencyInjectionTestExecutionListener, org.springframework.test.context.support.DirtiesContextTestExecutionListener, org.springframework.test.context.transaction.TransactionalTestExecutionListener, org.springframework.test.context.jdbc.SqlScriptsTestExecutionListener, org.springframework.test.context.event.EventPublishingTestExecutionListener]
18:14:00.596 [Test worker] INFO org.springframework.boot.test.context.SpringBootTestContextBootstrapper - Using TestExecutionListeners: [org.springframework.test.context.web.ServletTestExecutionListener@10def26e, org.springframework.test.context.support.DirtiesContextBeforeModesTestExecutionListener@5053e152, org.springframework.boot.test.mock.mockito.MockitoTestExecutionListener@7d5efecb, org.springframework.boot.test.autoconfigure.SpringBootDependencyInjectionTestExecutionListener@70191659, org.springframework.test.context.support.DirtiesContextTestExecutionListener@1733c7b6, org.springframework.test.context.transaction.TransactionalTestExecutionListener@5825fd73, org.springframework.test.context.jdbc.SqlScriptsTestExecutionListener@5207e81a, org.springframework.test.context.event.EventPublishingTestExecutionListener@6a9497dd, org.springframework.boot.test.autoconfigure.restdocs.RestDocsTestExecutionListener@6393e34e, org.springframework.boot.test.autoconfigure.web.client.MockRestServiceServerResetTestExecutionListener@14aa442a, org.springframework.boot.test.autoconfigure.web.servlet.MockMvcPrintOnlyOnFailureTestExecutionListener@7980299d, org.springframework.boot.test.autoconfigure.web.servlet.WebDriverTestExecutionListener@3764630f, org.springframework.boot.test.autoconfigure.webservices.client.MockWebServiceServerTestExecutionListener@4b117f3e, org.springframework.boot.test.mock.mockito.ResetMocksTestExecutionListener@d5cf962]
18:14:00.605 [Test worker] DEBUG org.springframework.test.context.support.AbstractDirtiesContextTestExecutionListener - Before test class: context [DefaultTestContext@1deb51a testClass = IndexControllerTest, testInstance = [null], testMethod = [null], testException = [null], mergedContextConfiguration = [WebMergedContextConfiguration@1d9fd1d8 testClass = IndexControllerTest, locations = '{}', classes = '{class com.sohan.book.springboot.Application}', contextInitializerClasses = '[]', activeProfiles = '{}', propertySourceLocations = '{}', propertySourceProperties = '{org.springframework.boot.test.context.SpringBootTestContextBootstrapper=true, server.port=0}', contextCustomizers = set[org.springframework.boot.test.autoconfigure.actuate.metrics.MetricsExportContextCustomizerFactory$DisableMetricExportContextCustomizer@2e4a0f35, org.springframework.boot.test.autoconfigure.properties.PropertyMappingContextCustomizer@0, org.springframework.boot.test.autoconfigure.web.servlet.WebDriverContextCustomizerFactory$Customizer@7d7775aa, org.springframework.boot.test.context.filter.ExcludeFilterContextCustomizer@4f691fe9, org.springframework.boot.test.json.DuplicateJsonObjectContextCustomizerFactory$DuplicateJsonObjectContextCustomizer@4f4e7689, org.springframework.boot.test.mock.mockito.MockitoContextCustomizer@0, org.springframework.boot.test.web.client.TestRestTemplateContextCustomizer@12075fc8, org.springframework.boot.test.context.SpringBootTestArgs@1, org.springframework.boot.test.context.SpringBootTestWebEnvironment@1eed4bb8], resourceBasePath = 'src/main/webapp', contextLoader = 'org.springframework.boot.test.context.SpringBootContextLoader', parent = [null]], attributes = map['org.springframework.test.context.web.ServletTestExecutionListener.activateListener' -> false]], class annotated with @DirtiesContext [false] with mode [null].
18:14:00.624 [Test worker] DEBUG org.springframework.test.context.support.DependencyInjectionTestExecutionListener - Performing dependency injection for test context [[DefaultTestContext@1deb51a testClass = IndexControllerTest, testInstance = com.sohan.book.springboot.domain.posts.web.IndexControllerTest@6d107cb0, testMethod = [null], testException = [null], mergedContextConfiguration = [WebMergedContextConfiguration@1d9fd1d8 testClass = IndexControllerTest, locations = '{}', classes = '{class com.sohan.book.springboot.Application}', contextInitializerClasses = '[]', activeProfiles = '{}', propertySourceLocations = '{}', propertySourceProperties = '{org.springframework.boot.test.context.SpringBootTestContextBootstrapper=true, server.port=0}', contextCustomizers = set[org.springframework.boot.test.autoconfigure.actuate.metrics.MetricsExportContextCustomizerFactory$DisableMetricExportContextCustomizer@2e4a0f35, org.springframework.boot.test.autoconfigure.properties.PropertyMappingContextCustomizer@0, org.springframework.boot.test.autoconfigure.web.servlet.WebDriverContextCustomizerFactory$Customizer@7d7775aa, org.springframework.boot.test.context.filter.ExcludeFilterContextCustomizer@4f691fe9, org.springframework.boot.test.json.DuplicateJsonObjectContextCustomizerFactory$DuplicateJsonObjectContextCustomizer@4f4e7689, org.springframework.boot.test.mock.mockito.MockitoContextCustomizer@0, org.springframework.boot.test.web.client.TestRestTemplateContextCustomizer@12075fc8, org.springframework.boot.test.context.SpringBootTestArgs@1, org.springframework.boot.test.context.SpringBootTestWebEnvironment@1eed4bb8], resourceBasePath = 'src/main/webapp', contextLoader = 'org.springframework.boot.test.context.SpringBootContextLoader', parent = [null]], attributes = map['org.springframework.test.context.web.ServletTestExecutionListener.activateListener' -> false]]].
18:14:00.662 [Test worker] DEBUG org.springframework.test.context.support.TestPropertySourceUtils - Adding inlined properties to environment: {spring.jmx.enabled=false, org.springframework.boot.test.context.SpringBootTestContextBootstrapper=true, server.port=0}

  .   ____          _            __ _ _
 /\\ / ___'_ __ _ _(_)_ __  __ _ \ \ \ \
( ( )\___ | '_ | '_| | '_ \/ _` | \ \ \ \
 \\/  ___)| |_)| | | | | || (_| |  ) ) ) )
  '  |____| .__|_| |_|_| |_\__, | / / / /
 =========|_|==============|___/=/_/_/_/
 :: Spring Boot ::                (v2.4.1)

2020-12-23 18:14:01.239  INFO 16736 --- [    Test worker] c.s.b.s.d.posts.web.IndexControllerTest  : Starting IndexControllerTest using Java 1.8.0_275 on COM202002191701 with PID 16736 (started by User in C:\Users\User\IdeaProjects\freelec-springboot3-webservice2)
2020-12-23 18:14:01.245  INFO 16736 --- [    Test worker] c.s.b.s.d.posts.web.IndexControllerTest  : No active profile set, falling back to default profiles: default
2020-12-23 18:14:02.763  INFO 16736 --- [    Test worker] .s.d.r.c.RepositoryConfigurationDelegate : Bootstrapping Spring Data JPA repositories in DEFAULT mode.
2020-12-23 18:14:02.922  INFO 16736 --- [    Test worker] .s.d.r.c.RepositoryConfigurationDelegate : Finished Spring Data repository scanning in 143 ms. Found 1 JPA repository interfaces.
2020-12-23 18:14:04.534  INFO 16736 --- [    Test worker] o.s.b.w.embedded.tomcat.TomcatWebServer  : Tomcat initialized with port(s): 0 (http)
2020-12-23 18:14:04.622  INFO 16736 --- [    Test worker] o.apache.catalina.core.StandardService   : Starting service [Tomcat]
2020-12-23 18:14:04.623  INFO 16736 --- [    Test worker] org.apache.catalina.core.StandardEngine  : Starting Servlet engine: [Apache Tomcat/9.0.41]
2020-12-23 18:14:04.843  INFO 16736 --- [    Test worker] o.a.c.c.C.[Tomcat].[localhost].[/]       : Initializing Spring embedded WebApplicationContext
2020-12-23 18:14:04.843  INFO 16736 --- [    Test worker] w.s.c.ServletWebServerApplicationContext : Root WebApplicationContext: initialization completed in 3556 ms
2020-12-23 18:14:05.061  INFO 16736 --- [    Test worker] com.zaxxer.hikari.HikariDataSource       : HikariPool-1 - Starting...
2020-12-23 18:14:05.510  INFO 16736 --- [    Test worker] com.zaxxer.hikari.HikariDataSource       : HikariPool-1 - Start completed.
2020-12-23 18:14:05.541  INFO 16736 --- [    Test worker] o.s.b.a.h2.H2ConsoleAutoConfiguration    : H2 console available at '/h2-console'. Database available at 'jdbc:h2:mem:548dd822-29d3-42d9-8a48-4c61b44d1f15'
2020-12-23 18:14:06.257  INFO 16736 --- [    Test worker] o.hibernate.jpa.internal.util.LogHelper  : HHH000204: Processing PersistenceUnitInfo [name: default]
2020-12-23 18:14:06.368  INFO 16736 --- [    Test worker] org.hibernate.Version                    : HHH000412: Hibernate ORM core version 5.4.25.Final
2020-12-23 18:14:06.673  INFO 16736 --- [    Test worker] o.hibernate.annotations.common.Version   : HCANN000001: Hibernate Commons Annotations {5.1.2.Final}
2020-12-23 18:14:06.988  INFO 16736 --- [    Test worker] org.hibernate.dialect.Dialect            : HHH000400: Using dialect: org.hibernate.dialect.H2Dialect
Hibernate: drop table if exists posts CASCADE 
Hibernate: create table posts (id bigint generated by default as identity, created_date timestamp, modified_date timestamp, author varchar(255), content TEXT not null, title varchar(500) not null, primary key (id))
2020-12-23 18:14:08.125  INFO 16736 --- [    Test worker] o.h.e.t.j.p.i.JtaPlatformInitiator       : HHH000490: Using JtaPlatform implementation: [org.hibernate.engine.transaction.jta.platform.internal.NoJtaPlatform]
2020-12-23 18:14:08.140  INFO 16736 --- [    Test worker] j.LocalContainerEntityManagerFactoryBean : Initialized JPA EntityManagerFactory for persistence unit 'default'
2020-12-23 18:14:09.356  WARN 16736 --- [    Test worker] JpaBaseConfiguration$JpaWebConfiguration : spring.jpa.open-in-view is enabled by default. Therefore, database queries may be performed during view rendering. Explicitly configure spring.jpa.open-in-view to disable this warning
2020-12-23 18:14:10.567  INFO 16736 --- [    Test worker] o.s.s.concurrent.ThreadPoolTaskExecutor  : Initializing ExecutorService 'applicationTaskExecutor'
2020-12-23 18:14:11.087  INFO 16736 --- [    Test worker] o.s.b.a.w.s.WelcomePageHandlerMapping    : Adding welcome page template: index
2020-12-23 18:14:11.847  INFO 16736 --- [    Test worker] o.s.b.w.embedded.tomcat.TomcatWebServer  : Tomcat started on port(s): 57333 (http) with context path ''
2020-12-23 18:14:11.860  INFO 16736 --- [    Test worker] c.s.b.s.d.posts.web.IndexControllerTest  : Started IndexControllerTest in 11.195 seconds (JVM running for 14.486)
2020-12-23 18:14:12.362  INFO 16736 --- [o-auto-1-exec-1] o.a.c.c.C.[Tomcat].[localhost].[/]       : Initializing Spring DispatcherServlet 'dispatcherServlet'
2020-12-23 18:14:12.362  INFO 16736 --- [o-auto-1-exec-1] o.s.web.servlet.DispatcherServlet        : Initializing Servlet 'dispatcherServlet'
2020-12-23 18:14:12.365  INFO 16736 --- [o-auto-1-exec-1] o.s.web.servlet.DispatcherServlet        : Completed initialization in 3 ms
]]></system-out>
  <system-err><![CDATA[]]></system-err>
</testsuite>
