<?xml version="1.0" encoding="UTF-8"?>
<testsuite name="com.sohan.book.springboot.domain.posts.web.HelloControllerTest" tests="2" skipped="0" failures="0" errors="0" timestamp="2021-01-20T02:23:36" hostname="COM202002191701" time="0.691">
  <properties/>
  <testcase name="hello가_리턴된다()" classname="com.sohan.book.springboot.domain.posts.web.HelloControllerTest" time="0.327"/>
  <testcase name="helloDto가_리턴된다()" classname="com.sohan.book.springboot.domain.posts.web.HelloControllerTest" time="0.347"/>
  <system-out><![CDATA[2021-01-20 11:23:32.726  INFO 19876 --- [    Test worker] .b.t.a.w.s.WebMvcTestContextBootstrapper : Neither @ContextConfiguration nor @ContextHierarchy found for test class [com.sohan.book.springboot.domain.posts.web.HelloControllerTest], using SpringBootContextLoader
2021-01-20 11:23:32.728  INFO 19876 --- [    Test worker] o.s.t.c.support.AbstractContextLoader    : Could not detect default resource locations for test class [com.sohan.book.springboot.domain.posts.web.HelloControllerTest]: no resource found for suffixes {-context.xml, Context.groovy}.
2021-01-20 11:23:32.729  INFO 19876 --- [    Test worker] t.c.s.AnnotationConfigContextLoaderUtils : Could not detect default configuration classes for test class [com.sohan.book.springboot.domain.posts.web.HelloControllerTest]: HelloControllerTest does not declare any static, non-private, non-final, nested classes annotated with @Configuration.
2021-01-20 11:23:32.859  INFO 19876 --- [    Test worker] .b.t.c.SpringBootTestContextBootstrapper : Found @SpringBootConfiguration com.sohan.book.springboot.Application for test class com.sohan.book.springboot.domain.posts.web.HelloControllerTest
2021-01-20 11:23:32.861  INFO 19876 --- [    Test worker] .b.t.a.w.s.WebMvcTestContextBootstrapper : Loaded default TestExecutionListener class names from location [META-INF/spring.factories]: [org.springframework.security.test.context.support.WithSecurityContextTestExecutionListener, org.springframework.security.test.context.support.ReactorContextTestExecutionListener, org.springframework.boot.test.autoconfigure.restdocs.RestDocsTestExecutionListener, org.springframework.boot.test.autoconfigure.web.client.MockRestServiceServerResetTestExecutionListener, org.springframework.boot.test.autoconfigure.web.servlet.MockMvcPrintOnlyOnFailureTestExecutionListener, org.springframework.boot.test.autoconfigure.web.servlet.WebDriverTestExecutionListener, org.springframework.boot.test.autoconfigure.webservices.client.MockWebServiceServerTestExecutionListener, org.springframework.boot.test.mock.mockito.MockitoTestExecutionListener, org.springframework.boot.test.mock.mockito.ResetMocksTestExecutionListener, org.springframework.test.context.web.ServletTestExecutionListener, org.springframework.test.context.support.DirtiesContextBeforeModesTestExecutionListener, org.springframework.test.context.support.DependencyInjectionTestExecutionListener, org.springframework.test.context.support.DirtiesContextTestExecutionListener, org.springframework.test.context.transaction.TransactionalTestExecutionListener, org.springframework.test.context.jdbc.SqlScriptsTestExecutionListener, org.springframework.test.context.event.EventPublishingTestExecutionListener]
2021-01-20 11:23:32.864  INFO 19876 --- [    Test worker] .b.t.a.w.s.WebMvcTestContextBootstrapper : Using TestExecutionListeners: [org.springframework.test.context.web.ServletTestExecutionListener@2efe8e80, org.springframework.test.context.support.DirtiesContextBeforeModesTestExecutionListener@f6c5798, org.springframework.boot.test.mock.mockito.MockitoTestExecutionListener@3d0da7c, org.springframework.boot.test.autoconfigure.SpringBootDependencyInjectionTestExecutionListener@d44f94a, org.springframework.test.context.support.DirtiesContextTestExecutionListener@5794fcec, org.springframework.test.context.transaction.TransactionalTestExecutionListener@3a29b111, org.springframework.test.context.jdbc.SqlScriptsTestExecutionListener@3faf8f12, org.springframework.security.test.context.support.WithSecurityContextTestExecutionListener@150bbf04, org.springframework.test.context.event.EventPublishingTestExecutionListener@658842d5, org.springframework.security.test.context.support.ReactorContextTestExecutionListener@125ed64c, org.springframework.boot.test.autoconfigure.restdocs.RestDocsTestExecutionListener@514a1c0a, org.springframework.boot.test.autoconfigure.web.client.MockRestServiceServerResetTestExecutionListener@19716ab8, org.springframework.boot.test.autoconfigure.web.servlet.MockMvcPrintOnlyOnFailureTestExecutionListener@3ec81da9, org.springframework.boot.test.autoconfigure.web.servlet.WebDriverTestExecutionListener@5ac0408a, org.springframework.boot.test.autoconfigure.webservices.client.MockWebServiceServerTestExecutionListener@5bebbd94, org.springframework.boot.test.mock.mockito.ResetMocksTestExecutionListener@495d38fb]

  .   ____          _            __ _ _
 /\\ / ___'_ __ _ _(_)_ __  __ _ \ \ \ \
( ( )\___ | '_ | '_| | '_ \/ _` | \ \ \ \
 \\/  ___)| |_)| | | | | || (_| |  ) ) ) )
  '  |____| .__|_| |_|_| |_\__, | / / / /
 =========|_|==============|___/=/_/_/_/
 :: Spring Boot ::                (v2.4.1)

2021-01-20 11:23:33.114  INFO 19876 --- [    Test worker] c.s.b.s.d.posts.web.HelloControllerTest  : Starting HelloControllerTest using Java 1.8.0_275 on COM202002191701 with PID 19876 (started by User in C:\Users\User\IdeaProjects\freelec-springboot3-webservice2)
2021-01-20 11:23:33.122  INFO 19876 --- [    Test worker] c.s.b.s.d.posts.web.HelloControllerTest  : No active profile set, falling back to default profiles: default
2021-01-20 11:23:34.718  INFO 19876 --- [    Test worker] o.s.s.concurrent.ThreadPoolTaskExecutor  : Initializing ExecutorService 'applicationTaskExecutor'
2021-01-20 11:23:35.019  INFO 19876 --- [    Test worker] o.s.b.a.w.s.WelcomePageHandlerMapping    : Adding welcome page template: index
2021-01-20 11:23:36.247  INFO 19876 --- [    Test worker] o.s.s.web.DefaultSecurityFilterChain     : Will secure any request with [org.springframework.security.web.context.request.async.WebAsyncManagerIntegrationFilter@1bd7a611, org.springframework.security.web.context.SecurityContextPersistenceFilter@65e13586, org.springframework.security.web.header.HeaderWriterFilter@38bbdff4, org.springframework.security.web.csrf.CsrfFilter@3cbd995, org.springframework.security.web.authentication.logout.LogoutFilter@42e7e5d4, org.springframework.security.oauth2.client.web.OAuth2AuthorizationRequestRedirectFilter@1f6eff26, org.springframework.security.oauth2.client.web.OAuth2AuthorizationRequestRedirectFilter@4e7d78f9, org.springframework.security.oauth2.client.web.OAuth2LoginAuthenticationFilter@de5c42d, org.springframework.security.web.authentication.ui.DefaultLoginPageGeneratingFilter@af0b2c9, org.springframework.security.web.authentication.ui.DefaultLogoutPageGeneratingFilter@34b14950, org.springframework.security.web.savedrequest.RequestCacheAwareFilter@201d0841, org.springframework.security.web.servletapi.SecurityContextHolderAwareRequestFilter@463f27c9, org.springframework.security.web.authentication.AnonymousAuthenticationFilter@20b9de3e, org.springframework.security.oauth2.client.web.OAuth2AuthorizationCodeGrantFilter@9b3a5f5, org.springframework.security.web.session.SessionManagementFilter@65e1be07, org.springframework.security.web.access.ExceptionTranslationFilter@11ba9073, org.springframework.security.web.access.intercept.FilterSecurityInterceptor@5c0a96c3]
2021-01-20 11:23:36.597  INFO 19876 --- [    Test worker] o.s.b.t.m.w.SpringBootMockServletContext : Initializing Spring TestDispatcherServlet ''
2021-01-20 11:23:36.597  INFO 19876 --- [    Test worker] o.s.t.web.servlet.TestDispatcherServlet  : Initializing Servlet ''
2021-01-20 11:23:36.599  INFO 19876 --- [    Test worker] o.s.t.web.servlet.TestDispatcherServlet  : Completed initialization in 1 ms
2021-01-20 11:23:36.653  INFO 19876 --- [    Test worker] c.s.b.s.d.posts.web.HelloControllerTest  : Started HelloControllerTest in 3.784 seconds (JVM running for 30.754)
]]></system-out>
  <system-err><![CDATA[]]></system-err>
</testsuite>
