<?xml version="1.0" encoding="UTF-8"?>
<testsuite name="com.sohan.book.springboot.domain.posts.web.PostsApiControllerTest" tests="2" skipped="0" failures="0" errors="0" timestamp="2021-01-29T05:03:01" hostname="COM202002191701" time="0.296">
  <properties/>
  <testcase name="Posts_등록된다()" classname="com.sohan.book.springboot.domain.posts.web.PostsApiControllerTest" time="0.202"/>
  <testcase name="Posts_수정된다()" classname="com.sohan.book.springboot.domain.posts.web.PostsApiControllerTest" time="0.091"/>
  <system-out><![CDATA[2021-01-29 14:03:01.695  INFO 14632 --- [    Test worker] .b.t.c.SpringBootTestContextBootstrapper : Neither @ContextConfiguration nor @ContextHierarchy found for test class [com.sohan.book.springboot.domain.posts.web.PostsApiControllerTest], using SpringBootContextLoader
2021-01-29 14:03:01.697  INFO 14632 --- [    Test worker] o.s.t.c.support.AbstractContextLoader    : Could not detect default resource locations for test class [com.sohan.book.springboot.domain.posts.web.PostsApiControllerTest]: no resource found for suffixes {-context.xml, Context.groovy}.
2021-01-29 14:03:01.697  INFO 14632 --- [    Test worker] t.c.s.AnnotationConfigContextLoaderUtils : Could not detect default configuration classes for test class [com.sohan.book.springboot.domain.posts.web.PostsApiControllerTest]: PostsApiControllerTest does not declare any static, non-private, non-final, nested classes annotated with @Configuration.
2021-01-29 14:03:01.701  INFO 14632 --- [    Test worker] .b.t.c.SpringBootTestContextBootstrapper : Found @SpringBootConfiguration com.sohan.book.springboot.Application for test class com.sohan.book.springboot.domain.posts.web.PostsApiControllerTest
2021-01-29 14:03:01.704  INFO 14632 --- [    Test worker] .b.t.c.SpringBootTestContextBootstrapper : Loaded default TestExecutionListener class names from location [META-INF/spring.factories]: [org.springframework.security.test.context.support.WithSecurityContextTestExecutionListener, org.springframework.security.test.context.support.ReactorContextTestExecutionListener, org.springframework.boot.test.autoconfigure.restdocs.RestDocsTestExecutionListener, org.springframework.boot.test.autoconfigure.web.client.MockRestServiceServerResetTestExecutionListener, org.springframework.boot.test.autoconfigure.web.servlet.MockMvcPrintOnlyOnFailureTestExecutionListener, org.springframework.boot.test.autoconfigure.web.servlet.WebDriverTestExecutionListener, org.springframework.boot.test.autoconfigure.webservices.client.MockWebServiceServerTestExecutionListener, org.springframework.boot.test.mock.mockito.MockitoTestExecutionListener, org.springframework.boot.test.mock.mockito.ResetMocksTestExecutionListener, org.springframework.test.context.web.ServletTestExecutionListener, org.springframework.test.context.support.DirtiesContextBeforeModesTestExecutionListener, org.springframework.test.context.support.DependencyInjectionTestExecutionListener, org.springframework.test.context.support.DirtiesContextTestExecutionListener, org.springframework.test.context.transaction.TransactionalTestExecutionListener, org.springframework.test.context.jdbc.SqlScriptsTestExecutionListener, org.springframework.test.context.event.EventPublishingTestExecutionListener]
2021-01-29 14:03:01.706  INFO 14632 --- [    Test worker] .b.t.c.SpringBootTestContextBootstrapper : Using TestExecutionListeners: [org.springframework.test.context.web.ServletTestExecutionListener@3b87b36e, org.springframework.test.context.support.DirtiesContextBeforeModesTestExecutionListener@5602f562, org.springframework.boot.test.mock.mockito.MockitoTestExecutionListener@38b43bb3, org.springframework.boot.test.autoconfigure.SpringBootDependencyInjectionTestExecutionListener@2e5ec58e, org.springframework.test.context.support.DirtiesContextTestExecutionListener@28441fe8, org.springframework.test.context.transaction.TransactionalTestExecutionListener@692c5667, org.springframework.test.context.jdbc.SqlScriptsTestExecutionListener@70dc8152, org.springframework.security.test.context.support.WithSecurityContextTestExecutionListener@28764872, org.springframework.test.context.event.EventPublishingTestExecutionListener@20c5b9cb, org.springframework.security.test.context.support.ReactorContextTestExecutionListener@2bd15cda, org.springframework.boot.test.autoconfigure.restdocs.RestDocsTestExecutionListener@3f939ee3, org.springframework.boot.test.autoconfigure.web.client.MockRestServiceServerResetTestExecutionListener@25bc64bb, org.springframework.boot.test.autoconfigure.web.servlet.MockMvcPrintOnlyOnFailureTestExecutionListener@283a9a26, org.springframework.boot.test.autoconfigure.web.servlet.WebDriverTestExecutionListener@9ac2477, org.springframework.boot.test.autoconfigure.webservices.client.MockWebServiceServerTestExecutionListener@2aebd727, org.springframework.boot.test.mock.mockito.ResetMocksTestExecutionListener@6c34e77d]
2021-01-29 14:03:01.731  INFO 14632 --- [    Test worker] o.a.c.c.C.[Tomcat].[localhost].[/]       : Initializing Spring TestDispatcherServlet ''
2021-01-29 14:03:01.731  INFO 14632 --- [    Test worker] o.s.t.web.servlet.TestDispatcherServlet  : Initializing Servlet ''
2021-01-29 14:03:01.732  INFO 14632 --- [    Test worker] o.s.t.web.servlet.TestDispatcherServlet  : Completed initialization in 1 ms
Hibernate: insert into posts (created_date, modified_date, author, content, title) values (?, ?, ?, ?, ?)
Hibernate: select posts0_.id as id1_0_, posts0_.created_date as created_2_0_, posts0_.modified_date as modified3_0_, posts0_.author as author4_0_, posts0_.content as content5_0_, posts0_.title as title6_0_ from posts posts0_
Hibernate: select posts0_.id as id1_0_, posts0_.created_date as created_2_0_, posts0_.modified_date as modified3_0_, posts0_.author as author4_0_, posts0_.content as content5_0_, posts0_.title as title6_0_ from posts posts0_
Hibernate: delete from posts where id=?
2021-01-29 14:03:01.927  INFO 14632 --- [    Test worker] o.a.c.c.C.[Tomcat].[localhost].[/]       : Initializing Spring TestDispatcherServlet ''
2021-01-29 14:03:01.927  INFO 14632 --- [    Test worker] o.s.t.web.servlet.TestDispatcherServlet  : Initializing Servlet ''
2021-01-29 14:03:01.929  INFO 14632 --- [    Test worker] o.s.t.web.servlet.TestDispatcherServlet  : Completed initialization in 1 ms
Hibernate: insert into posts (created_date, modified_date, author, content, title) values (?, ?, ?, ?, ?)
Hibernate: select posts0_.id as id1_0_0_, posts0_.created_date as created_2_0_0_, posts0_.modified_date as modified3_0_0_, posts0_.author as author4_0_0_, posts0_.content as content5_0_0_, posts0_.title as title6_0_0_ from posts posts0_ where posts0_.id=?
Hibernate: update posts set created_date=?, modified_date=?, author=?, content=?, title=? where id=?
Hibernate: select posts0_.id as id1_0_, posts0_.created_date as created_2_0_, posts0_.modified_date as modified3_0_, posts0_.author as author4_0_, posts0_.content as content5_0_, posts0_.title as title6_0_ from posts posts0_
Hibernate: select posts0_.id as id1_0_, posts0_.created_date as created_2_0_, posts0_.modified_date as modified3_0_, posts0_.author as author4_0_, posts0_.content as content5_0_, posts0_.title as title6_0_ from posts posts0_
Hibernate: delete from posts where id=?
]]></system-out>
  <system-err><![CDATA[]]></system-err>
</testsuite>
