<?xml version="1.0" encoding="UTF-8"?>
<testsuite name="com.sohan.book.springboot.domain.posts.web.dto.HelloResponseDtoTest" tests="1" skipped="0" failures="0" errors="0" timestamp="2021-01-29T05:02:51" hostname="COM202002191701" time="0.01">
  <properties/>
  <testcase name="롬복_기능_테스트()" classname="com.sohan.book.springboot.domain.posts.web.dto.HelloResponseDtoTest" time="0.01"/>
  <system-out><![CDATA[]]></system-out>
  <system-err><![CDATA[]]></system-err>
</testsuite>
